[INFO] [1762850635.790399049] [foxglove_bridge]: Starting foxglove_bridge (humble, 3.2.1@)
[INFO] [1762850635.796359061] [foxglove_bridge]: Server listening on port 9090
[INFO] [1762850635.801610476] [foxglove_bridge]: Advertising new channel 1 for topic "/tf_static"
[INFO] [1762850635.801753840] [foxglove_bridge]: Advertising new channel 2 for topic "/tf"
[INFO] [1762850635.802000215] [foxglove_bridge]: Advertising new channel 3 for topic "/stage3/filtered_pointcloud_summary"
[INFO] [1762850635.802247294] [foxglove_bridge]: Advertising new channel 4 for topic "/rosout"
[INFO] [1762850635.802716236] [foxglove_bridge]: Advertising new channel 5 for topic "/parameter_events"
[INFO] [1762850635.802750157] [foxglove_bridge]: Advertising new channel 6 for topic "/control/camera_target_tf_arm_publisher/test"
[INFO] [1762850635.983525694] [foxglove_bridge]: received connection graph subscribe request
[INFO] [1762850635.983861192] [foxglove_bridge]: received subscribe request for channel 6 from client 1 (sink 1)
[INFO] [1762850635.989116095] [foxglove_bridge]: created ROS subscription on /control/camera_target_tf_arm_publisher/test (std_msgs/msg/String) successfully for channel 6 (client 1, sink 1)
[INFO] [1762850635.989364486] [foxglove_bridge]: received subscribe request for channel 2 from client 1 (sink 1)
[INFO] [1762850635.994782690] [foxglove_bridge]: created ROS subscription on /tf (tf2_msgs/msg/TFMessage) successfully for channel 2 (client 1, sink 1)
[INFO] [1762850635.994977127] [foxglove_bridge]: received subscribe request for channel 1 from client 1 (sink 1)
[INFO] [1762850635.996789244] [foxglove_bridge]: created ROS subscription on /tf_static (tf2_msgs/msg/TFMessage) successfully for channel 1 (client 1, sink 1)
[INFO] [1762850636.034159567] [foxglove_bridge]: received unsubscribe request for channel 6
[INFO] [1762850636.034383957] [foxglove_bridge]: Cleaned up subscription to topic /control/camera_target_tf_arm_publisher/test for client 1 on channel 6
[INFO] [1762850636.034813474] [foxglove_bridge]: received unsubscribe request for channel 2
[INFO] [1762850636.034890244] [foxglove_bridge]: Cleaned up subscription to topic /tf for client 1 on channel 2
[INFO] [1762850636.034971654] [foxglove_bridge]: received unsubscribe request for channel 1
[INFO] [1762850636.035028456] [foxglove_bridge]: Cleaned up subscription to topic /tf_static for client 1 on channel 1
[INFO] [1762850636.056161224] [foxglove_bridge]: received subscribe request for channel 6 from client 1 (sink 1)
[INFO] [1762850636.398248379] [foxglove_bridge]: created ROS subscription on /control/camera_target_tf_arm_publisher/test (std_msgs/msg/String) successfully for channel 6 (client 1, sink 1)
[INFO] [1762850636.399265144] [foxglove_bridge]: Advertising new channel 7 for topic "/stage1/cartesian_cmd"
[INFO] [1762850636.400128497] [foxglove_bridge]: Advertising new channel 8 for topic "/diagnostics"
[INFO] [1762850636.402117066] [foxglove_bridge]: Client ID 1 is advertising "/move_base_simple/goal" (geometry_msgs/PoseStamped) on channel 1 with encoding "cdr"
[INFO] [1762850636.405131489] [foxglove_bridge]: Client ID 1 is advertising "/clicked_point" (geometry_msgs/PointStamped) on channel 2 with encoding "cdr"
[INFO] [1762850636.409456765] [foxglove_bridge]: Client ID 1 is advertising "/initialpose" (geometry_msgs/PoseWithCovarianceStamped) on channel 3 with encoding "cdr"
[INFO] [1762850636.409669443] [foxglove_bridge]: received subscribe request for channel 2 from client 1 (sink 1)
[INFO] [1762850636.412732668] [foxglove_bridge]: created ROS subscription on /tf (tf2_msgs/msg/TFMessage) successfully for channel 2 (client 1, sink 1)
[INFO] [1762850636.412946466] [foxglove_bridge]: received subscribe request for channel 1 from client 1 (sink 1)
[INFO] [1762850636.415709073] [foxglove_bridge]: created ROS subscription on /tf_static (tf2_msgs/msg/TFMessage) successfully for channel 1 (client 1, sink 1)
[INFO] [1762850636.450538491] [foxglove_bridge]: publishing connection graph
[INFO] [1762850636.953141945] [foxglove_bridge]: Advertising new channel 9 for topic "/move_base_simple/goal"
[INFO] [1762850636.954295898] [foxglove_bridge]: Advertising new channel 10 for topic "/initialpose"
[INFO] [1762850636.954795720] [foxglove_bridge]: Advertising new channel 11 for topic "/camera/realsense2_camera/extrinsics/depth_to_color"
[INFO] [1762850636.955251861] [foxglove_bridge]: Advertising new channel 12 for topic "/camera/realsense2_camera/depth/metadata"
[INFO] [1762850636.955835686] [foxglove_bridge]: Advertising new channel 13 for topic "/camera/realsense2_camera/depth/image_rect_raw/compressedDepth"
[INFO] [1762850636.955935689] [foxglove_bridge]: Advertising new channel 14 for topic "/camera/realsense2_camera/depth/image_rect_raw/compressed"
[INFO] [1762850636.956049292] [foxglove_bridge]: Advertising new channel 15 for topic "/camera/realsense2_camera/color/metadata"
[INFO] [1762850636.956623485] [foxglove_bridge]: Advertising new channel 16 for topic "/camera/realsense2_camera/color/image_raw/theora"
[INFO] [1762850636.956738752] [foxglove_bridge]: Advertising new channel 17 for topic "/camera/realsense2_camera/color/image_raw/compressedDepth"
[INFO] [1762850636.956860708] [foxglove_bridge]: Advertising new channel 18 for topic "/camera/realsense2_camera/color/image_raw/compressed"
[INFO] [1762850636.956962823] [foxglove_bridge]: Advertising new channel 19 for topic "/camera/realsense2_camera/aligned_depth_to_color/image_raw/theora"
[INFO] [1762850636.957543415] [foxglove_bridge]: Advertising new channel 20 for topic "/clicked_point"
[INFO] [1762850636.957644538] [foxglove_bridge]: Advertising new channel 21 for topic "/camera/realsense2_camera/aligned_depth_to_color/image_raw/compressedDepth"
[INFO] [1762850636.958352239] [foxglove_bridge]: Advertising new channel 22 for topic "/camera/depth/image_rect_raw"
[INFO] [1762850636.960106913] [foxglove_bridge]: Advertising new channel 23 for topic "/camera/depth/camera_info"
[INFO] [1762850636.960222500] [foxglove_bridge]: Advertising new channel 24 for topic "/camera/color/image_raw"
[INFO] [1762850636.960323271] [foxglove_bridge]: Advertising new channel 25 for topic "/camera/realsense2_camera/depth/image_rect_raw/theora"
[INFO] [1762850636.960473964] [foxglove_bridge]: Advertising new channel 26 for topic "/camera/color/camera_info"
[INFO] [1762850636.960580975] [foxglove_bridge]: Advertising new channel 27 for topic "/camera/aligned_depth_to_color/image_raw"
[INFO] [1762850636.960690194] [foxglove_bridge]: Advertising new channel 28 for topic "/camera/realsense2_camera/aligned_depth_to_color/image_raw/compressed"
[INFO] [1762850636.960848918] [foxglove_bridge]: Advertising new channel 29 for topic "/camera/aligned_depth_to_color/camera_info"
[INFO] [1762850636.980298438] [foxglove_bridge]: publishing connection graph
[INFO] [1762850637.484238731] [foxglove_bridge]: publishing connection graph
[INFO] [1762850637.986572897] [foxglove_bridge]: Advertising new channel 30 for topic "/joint_states"
[INFO] [1762850637.986817192] [foxglove_bridge]: Advertising new channel 31 for topic "/robot_description"
[INFO] [1762850637.986920139] [foxglove_bridge]: Advertising new channel 32 for topic "/control/camera_target_tf_arm_publisher"
[INFO] [1762850638.025458624] [foxglove_bridge]: publishing connection graph
[INFO] [1762850638.530045880] [foxglove_bridge]: publishing connection graph
[INFO] [1762850641.111657419] [foxglove_bridge]: received subscribe request for channel 30 from client 1 (sink 1)
[INFO] [1762850641.115749505] [foxglove_bridge]: created ROS subscription on /joint_states (sensor_msgs/msg/JointState) successfully for channel 30 (client 1, sink 1)
[INFO] [1762850641.119814614] [foxglove_bridge]: publishing connection graph
[INFO] [1762850641.137430097] [foxglove_bridge]: received subscribe request for channel 26 from client 1 (sink 1)
[INFO] [1762850641.140889204] [foxglove_bridge]: created ROS subscription on /camera/color/camera_info (sensor_msgs/msg/CameraInfo) successfully for channel 26 (client 1, sink 1)
[INFO] [1762850641.141154812] [foxglove_bridge]: received subscribe request for channel 24 from client 1 (sink 1)
[INFO] [1762850641.144204980] [foxglove_bridge]: created ROS subscription on /camera/color/image_raw (sensor_msgs/msg/Image) successfully for channel 24 (client 1, sink 1)
[INFO] [1762850641.144437946] [foxglove_bridge]: received subscribe request for channel 31 from client 1 (sink 1)
[INFO] [1762850641.147205098] [foxglove_bridge]: created ROS subscription on /robot_description (std_msgs/msg/String) successfully for channel 31 (client 1, sink 1)
[INFO] [1762850641.624527571] [foxglove_bridge]: publishing connection graph
[INFO] [1762915581.506251629] [foxglove_bridge]: publishing connection graph
[INFO] [1762915582.010815738] [foxglove_bridge]: publishing connection graph
[INFO] [1762915582.515484820] [foxglove_bridge]: publishing connection graph
[INFO] [1762919007.246083352] [foxglove_bridge]: publishing connection graph
[INFO] [1762919007.750737549] [foxglove_bridge]: publishing connection graph
[INFO] [1762933670.939557455] [foxglove_bridge]: publishing connection graph
[INFO] [1762933672.006144980] [foxglove_bridge]: publishing connection graph
[INFO] [1762933672.511021551] [foxglove_bridge]: publishing connection graph
[INFO] [1762933673.164945786] [foxglove_bridge]: publishing connection graph
[INFO] [1762933673.733170245] [foxglove_bridge]: publishing connection graph
[INFO] [1762933674.238321637] [foxglove_bridge]: publishing connection graph
[INFO] [1762933675.735561328] [foxglove_bridge]: publishing connection graph
[INFO] [1762933676.240606377] [foxglove_bridge]: publishing connection graph
[INFO] [1762934039.999822442] [foxglove_bridge]: publishing connection graph
[INFO] [1762934040.502349649] [foxglove_bridge]: publishing connection graph
[INFO] [1762934041.007673739] [foxglove_bridge]: publishing connection graph
[INFO] [1762934042.177068776] [foxglove_bridge]: publishing connection graph
[INFO] [1762934042.682081719] [foxglove_bridge]: publishing connection graph
[INFO] [1762934079.159045101] [foxglove_bridge]: publishing connection graph
[INFO] [1762934081.178128631] [foxglove_bridge]: publishing connection graph
[INFO] [1762934081.681894458] [foxglove_bridge]: publishing connection graph
[ERROR] [1762934656.581302464] [foxglove_bridge]: Failed to retrieve parameters from node '/robot_desc_node': Failed to retrieve parameter names for node '/robot_desc_node'
[WARN] [1762934656.581533958] [foxglove_bridge]: Adding node /robot_desc_node to the ignore list to prevent repeated timeouts or failures in future parameter requests.
[INFO] [1762934658.995877579] [foxglove_bridge]: publishing connection graph
[INFO] [1762934660.196370476] [foxglove_bridge]: publishing connection graph
[INFO] [1762934660.701567246] [foxglove_bridge]: publishing connection graph
[INFO] [1762934667.143760906] [foxglove_bridge]: publishing connection graph
[INFO] [1762934667.648772709] [foxglove_bridge]: publishing connection graph
[INFO] [1762934698.071450226] [foxglove_bridge]: publishing connection graph
[INFO] [1762934698.576455076] [foxglove_bridge]: publishing connection graph
[INFO] [1762934699.197435322] [foxglove_bridge]: publishing connection graph
[INFO] [1762934699.700941312] [foxglove_bridge]: publishing connection graph
[INFO] [1762934708.435877026] [foxglove_bridge]: publishing connection graph
[INFO] [1762934708.941208378] [foxglove_bridge]: publishing connection graph
[INFO] [1762934709.446422159] [foxglove_bridge]: publishing connection graph
[INFO] [1762934710.059066578] [foxglove_bridge]: publishing connection graph
[INFO] [1762934710.562903903] [foxglove_bridge]: publishing connection graph
[INFO] [1762934811.031553459] [foxglove_bridge]: publishing connection graph
[INFO] [1762934813.064060939] [foxglove_bridge]: publishing connection graph
[INFO] [1762934870.156426703] [foxglove_bridge]: publishing connection graph
[INFO] [1762934870.673067589] [foxglove_bridge]: publishing connection graph
[INFO] [1762934871.175710345] [foxglove_bridge]: publishing connection graph
[INFO] [1762935394.441554827] [foxglove_bridge]: publishing connection graph
[INFO] [1762935395.221345721] [foxglove_bridge]: publishing connection graph
[INFO] [1762935395.726291913] [foxglove_bridge]: publishing connection graph
[INFO] [1762935402.522052689] [foxglove_bridge]: publishing connection graph
[INFO] [1762935403.027257875] [foxglove_bridge]: publishing connection graph
[INFO] [1762935435.325493795] [foxglove_bridge]: publishing connection graph
[INFO] [1762935435.828795589] [foxglove_bridge]: publishing connection graph
[INFO] [1762939138.687819159] [foxglove_bridge]: publishing connection graph
[INFO] [1762939139.340231086] [foxglove_bridge]: publishing connection graph
[INFO] [1762939139.845180595] [foxglove_bridge]: publishing connection graph
[INFO] [1762939146.116850619] [foxglove_bridge]: publishing connection graph
[INFO] [1762939146.621814429] [foxglove_bridge]: publishing connection graph
[INFO] [1762939147.126991686] [foxglove_bridge]: publishing connection graph
[INFO] [1762939147.632001161] [foxglove_bridge]: publishing connection graph
[INFO] [1762941346.239076634] [foxglove_bridge]: publishing connection graph
[INFO] [1762941346.743730011] [foxglove_bridge]: publishing connection graph
[INFO] [1762941401.935130498] [foxglove_bridge]: publishing connection graph
[INFO] [1762941404.417175665] [foxglove_bridge]: publishing connection graph
[INFO] [1762941404.922225983] [foxglove_bridge]: publishing connection graph
[INFO] [1762941464.179853369] [foxglove_bridge]: publishing connection graph
[INFO] [1762941464.684488458] [foxglove_bridge]: publishing connection graph
[INFO] [1762941490.105723694] [foxglove_bridge]: publishing connection graph
[INFO] [1762941491.416574479] [foxglove_bridge]: publishing connection graph
[INFO] [1762941491.921401172] [foxglove_bridge]: publishing connection graph
[INFO] [1762941936.120975454] [foxglove_bridge]: publishing connection graph
[INFO] [1762941936.626994220] [foxglove_bridge]: publishing connection graph
[INFO] [1762941956.167206978] [foxglove_bridge]: publishing connection graph
[INFO] [1762941956.670176571] [foxglove_bridge]: publishing connection graph
[INFO] [1762942250.247474293] [foxglove_bridge]: publishing connection graph
[INFO] [1762942250.752206153] [foxglove_bridge]: publishing connection graph
[INFO] [1762942271.263248323] [foxglove_bridge]: publishing connection graph
[INFO] [1762942271.768171279] [foxglove_bridge]: publishing connection graph
[INFO] [1762942886.545093290] [foxglove_bridge]: publishing connection graph
[INFO] [1762942887.049692837] [foxglove_bridge]: publishing connection graph
[INFO] [1762942909.738793361] [foxglove_bridge]: publishing connection graph
[INFO] [1762942910.463089436] [foxglove_bridge]: publishing connection graph
[INFO] [1762942910.968038503] [foxglove_bridge]: publishing connection graph
[INFO] [1762943178.078812553] [foxglove_bridge]: publishing connection graph
[INFO] [1762943178.583545762] [foxglove_bridge]: publishing connection graph
[INFO] [1762943196.223816201] [foxglove_bridge]: publishing connection graph
[INFO] [1762943198.474051571] [foxglove_bridge]: publishing connection graph
[INFO] [1762943198.979193403] [foxglove_bridge]: publishing connection graph
[INFO] [1762943655.680477273] [foxglove_bridge]: publishing connection graph
[INFO] [1762943657.940427527] [foxglove_bridge]: publishing connection graph
[INFO] [1762943658.484351862] [foxglove_bridge]: publishing connection graph
[INFO] [1762943658.989843887] [foxglove_bridge]: publishing connection graph
[INFO] [1762943661.172380122] [foxglove_bridge]: publishing connection graph
[INFO] [1762943661.677551297] [foxglove_bridge]: publishing connection graph
[INFO] [1762943680.569862844] [foxglove_bridge]: publishing connection graph
[INFO] [1762943681.490047634] [foxglove_bridge]: publishing connection graph
[INFO] [1762943681.995436400] [foxglove_bridge]: publishing connection graph
[INFO] [1762943685.671910347] [foxglove_bridge]: publishing connection graph
[INFO] [1762943686.176867248] [foxglove_bridge]: publishing connection graph
[INFO] [1762943726.001722901] [foxglove_bridge]: publishing connection graph
[INFO] [1762943726.506863970] [foxglove_bridge]: publishing connection graph
[INFO] [1762943727.009514110] [foxglove_bridge]: publishing connection graph
[INFO] [1762943728.103550216] [foxglove_bridge]: publishing connection graph
[INFO] [1762943728.608577902] [foxglove_bridge]: publishing connection graph
[INFO] [1762946932.270331840] [foxglove_bridge]: publishing connection graph
[INFO] [1762946933.161568681] [foxglove_bridge]: publishing connection graph
[INFO] [1762946933.824711684] [foxglove_bridge]: publishing connection graph
[INFO] [1762946934.330749710] [foxglove_bridge]: publishing connection graph
[INFO] [1762946939.474575309] [foxglove_bridge]: publishing connection graph
[INFO] [1762946939.983317322] [foxglove_bridge]: publishing connection graph
[INFO] [1762946961.985626549] [foxglove_bridge]: received unsubscribe request for channel 30
[INFO] [1762946961.985902366] [foxglove_bridge]: Cleaned up subscription to topic /joint_states for client 1 on channel 30
[INFO] [1762946961.986035554] [foxglove_bridge]: received unsubscribe request for channel 26
[INFO] [1762946961.986089220] [foxglove_bridge]: Cleaned up subscription to topic /camera/color/camera_info for client 1 on channel 26
[INFO] [1762946961.986141669] [foxglove_bridge]: received unsubscribe request for channel 31
[INFO] [1762946961.986184679] [foxglove_bridge]: Cleaned up subscription to topic /robot_description for client 1 on channel 31
[INFO] [1762946961.986232200] [foxglove_bridge]: received unsubscribe request for channel 24
[INFO] [1762946961.986273386] [foxglove_bridge]: Cleaned up subscription to topic /camera/color/image_raw for client 1 on channel 24
[INFO] [1762946961.986661750] [foxglove_bridge]: received unsubscribe request for channel 2
[INFO] [1762946961.986726328] [foxglove_bridge]: Cleaned up subscription to topic /tf for client 1 on channel 2
[INFO] [1762946961.986783289] [foxglove_bridge]: received unsubscribe request for channel 1
[INFO] [1762946961.986828891] [foxglove_bridge]: Cleaned up subscription to topic /tf_static for client 1 on channel 1
[INFO] [1762946961.986883645] [foxglove_bridge]: received unsubscribe request for channel 6
[INFO] [1762946961.986928830] [foxglove_bridge]: Cleaned up subscription to topic /control/camera_target_tf_arm_publisher/test for client 1 on channel 6
[INFO] [1762946962.291486097] [foxglove_bridge]: publishing connection graph
[INFO] [1762946962.800525972] [foxglove_bridge]: publishing connection graph
[INFO] [1762946966.960282403] [foxglove_bridge]: received connection graph subscribe request
[INFO] [1762946967.029650478] [foxglove_bridge]: publishing connection graph
[INFO] [1762946967.055325707] [foxglove_bridge]: received subscribe request for channel 30 from client 2 (sink 2)
[INFO] [1762946967.059625841] [foxglove_bridge]: created ROS subscription on /joint_states (sensor_msgs/msg/JointState) successfully for channel 30 (client 2, sink 2)
[INFO] [1762946967.059895193] [foxglove_bridge]: received subscribe request for channel 6 from client 2 (sink 2)
[INFO] [1762946967.063663086] [foxglove_bridge]: created ROS subscription on /control/camera_target_tf_arm_publisher/test (std_msgs/msg/String) successfully for channel 6 (client 2, sink 2)
[INFO] [1762946967.067367457] [foxglove_bridge]: Client ID 2 is advertising "/move_base_simple/goal" (geometry_msgs/PoseStamped) on channel 1 with encoding "cdr"
[INFO] [1762946967.070637799] [foxglove_bridge]: Client ID 2 is advertising "/clicked_point" (geometry_msgs/PointStamped) on channel 2 with encoding "cdr"
[INFO] [1762946967.074335834] [foxglove_bridge]: Client ID 2 is advertising "/initialpose" (geometry_msgs/PoseWithCovarianceStamped) on channel 3 with encoding "cdr"
[INFO] [1762946967.120013028] [foxglove_bridge]: received subscribe request for channel 2 from client 2 (sink 2)
[INFO] [1762946967.123992960] [foxglove_bridge]: created ROS subscription on /tf (tf2_msgs/msg/TFMessage) successfully for channel 2 (client 2, sink 2)
[INFO] [1762946967.124521136] [foxglove_bridge]: received subscribe request for channel 1 from client 2 (sink 2)
[INFO] [1762946967.128324263] [foxglove_bridge]: created ROS subscription on /tf_static (tf2_msgs/msg/TFMessage) successfully for channel 1 (client 2, sink 2)
[INFO] [1762946967.128694194] [foxglove_bridge]: received subscribe request for channel 26 from client 2 (sink 2)
[INFO] [1762946967.132783025] [foxglove_bridge]: created ROS subscription on /camera/color/camera_info (sensor_msgs/msg/CameraInfo) successfully for channel 26 (client 2, sink 2)
[INFO] [1762946967.133025913] [foxglove_bridge]: received subscribe request for channel 24 from client 2 (sink 2)
[INFO] [1762946967.136071703] [foxglove_bridge]: created ROS subscription on /camera/color/image_raw (sensor_msgs/msg/Image) successfully for channel 24 (client 2, sink 2)
[INFO] [1762946967.136272061] [foxglove_bridge]: received subscribe request for channel 31 from client 2 (sink 2)
[INFO] [1762946967.139077941] [foxglove_bridge]: created ROS subscription on /robot_description (std_msgs/msg/String) successfully for channel 31 (client 2, sink 2)
[INFO] [1762946967.538987257] [foxglove_bridge]: publishing connection graph
[INFO] [1762947007.223158831] [foxglove_bridge]: publishing connection graph
[INFO] [1762947007.728951814] [foxglove_bridge]: publishing connection graph
[INFO] [1762947901.832519086] [foxglove_bridge]: publishing connection graph
[INFO] [1762947902.816634997] [foxglove_bridge]: publishing connection graph
[INFO] [1762947903.545906252] [foxglove_bridge]: publishing connection graph
[INFO] [1762947904.052508409] [foxglove_bridge]: publishing connection graph
[INFO] [1762947905.800065895] [foxglove_bridge]: publishing connection graph
[INFO] [1762947906.308376490] [foxglove_bridge]: publishing connection graph
[INFO] [1762947910.979541612] [foxglove_bridge]: publishing connection graph
[INFO] [1762947911.956825443] [foxglove_bridge]: publishing connection graph
[ERROR] [1762947912.298807200] [foxglove_bridge]: Failed to retrieve parameters from node '/static_transform_publisher_kyAsjWQpbkl0sQT5': Parameter service for node '/static_transform_publisher_kyAsjWQpbkl0sQT5' is not ready
[WARN] [1762947912.298970472] [foxglove_bridge]: Adding node /static_transform_publisher_kyAsjWQpbkl0sQT5 to the ignore list to prevent repeated timeouts or failures in future parameter requests.
[INFO] [1762947912.696801128] [foxglove_bridge]: publishing connection graph
[INFO] [1762947913.203143849] [foxglove_bridge]: publishing connection graph
[INFO] [1762947926.989085548] [foxglove_bridge]: publishing connection graph
[INFO] [1762947927.501618405] [foxglove_bridge]: publishing connection graph
[INFO] [1762950926.086706428] [foxglove_bridge]: publishing connection graph
[INFO] [1762950926.599191167] [foxglove_bridge]: publishing connection graph
